0 info it worked if it ends with ok
1 verbose cli [ '/Users/Tina/.nvm/versions/node/v7.2.1/bin/node',
1 verbose cli   '/Users/Tina/.nvm/versions/node/v7.2.1/bin/npm',
1 verbose cli   'start' ]
2 info using npm@3.10.10
3 info using node@v7.2.1
4 verbose run-script [ 'prestart', 'start', 'poststart' ]
5 info lifecycle wikistacktwo@1.0.0~prestart: wikistacktwo@1.0.0
6 silly lifecycle wikistacktwo@1.0.0~prestart: no script for prestart, continuing
7 info lifecycle wikistacktwo@1.0.0~start: wikistacktwo@1.0.0
8 verbose lifecycle wikistacktwo@1.0.0~start: unsafe-perm in lifecycle true
9 verbose lifecycle wikistacktwo@1.0.0~start: PATH: /Users/Tina/.nvm/versions/node/v7.2.1/lib/node_modules/npm/bin/node-gyp-bin:/Users/Tina/Projects/grace_hopper/checkpointReviews/wikistackTwo/node_modules/.bin:/Users/Tina/.rvm/gems/ruby-2.3.1/bin:/Users/Tina/.rvm/gems/ruby-2.3.1@global/bin:/Users/Tina/.rvm/rubies/ruby-2.3.1/bin:/Users/Tina/.nvm/versions/node/v7.2.1/bin:/Library/TeX/texbin:/usr/local/bin:/usr/bin:/bin:/usr/sbin:/sbin:/opt/X11/bin:/Library/TeX/texbin:/Users/Tina/.rvm/bin:/Applications/Postgres.app/Contents/Versions/latest/bin
10 verbose lifecycle wikistacktwo@1.0.0~start: CWD: /Users/Tina/Projects/grace_hopper/checkpointReviews/wikistackTwo
11 silly lifecycle wikistacktwo@1.0.0~start: Args: [ '-c', 'nodemone app.js' ]
12 info lifecycle wikistacktwo@1.0.0~start: Failed to exec start script
13 verbose stack Error: wikistacktwo@1.0.0 start: `nodemone app.js`
13 verbose stack spawn ENOENT
13 verbose stack     at ChildProcess.<anonymous> (/Users/Tina/.nvm/versions/node/v7.2.1/lib/node_modules/npm/lib/utils/spawn.js:33:16)
13 verbose stack     at emitTwo (events.js:106:13)
13 verbose stack     at ChildProcess.emit (events.js:191:7)
13 verbose stack     at maybeClose (internal/child_process.js:885:16)
13 verbose stack     at Process.ChildProcess._handle.onexit (internal/child_process.js:226:5)
14 verbose pkgid wikistacktwo@1.0.0
15 verbose cwd /Users/Tina/Projects/grace_hopper/checkpointReviews/wikistackTwo
16 error Darwin 15.6.0
17 error argv "/Users/Tina/.nvm/versions/node/v7.2.1/bin/node" "/Users/Tina/.nvm/versions/node/v7.2.1/bin/npm" "start"
18 error node v7.2.1
19 error npm  v3.10.10
20 error file sh
21 error code ELIFECYCLE
22 error errno ENOENT
23 error syscall spawn
24 error wikistacktwo@1.0.0 start: `nodemone app.js`
24 error spawn ENOENT
25 error Failed at the wikistacktwo@1.0.0 start script 'nodemone app.js'.
25 error Make sure you have the latest version of node.js and npm installed.
25 error If you do, this is most likely a problem with the wikistacktwo package,
25 error not with npm itself.
25 error Tell the author that this fails on your system:
25 error     nodemone app.js
25 error You can get information on how to open an issue for this project with:
25 error     npm bugs wikistacktwo
25 error Or if that isn't available, you can get their info via:
25 error     npm owner ls wikistacktwo
25 error There is likely additional logging output above.
26 verbose exit [ 1, true ]
